[debug] [2021-06-09T17:39:57.383Z] ----------------------------------------------------------------------
[debug] [2021-06-09T17:39:57.385Z] Command:       C:\Program Files\nodejs\node.exe C:\Users\hones\AppData\Roaming\npm\node_modules\firebase-tools\lib\bin\firebase.js deploy --only hosting
[debug] [2021-06-09T17:39:57.385Z] CLI Version:   9.9.0
[debug] [2021-06-09T17:39:57.385Z] Platform:      win32
[debug] [2021-06-09T17:39:57.385Z] Node Version:  v14.15.1
[debug] [2021-06-09T17:39:57.414Z] Time:          Wed Jun 09 2021 14:39:57 GMT-0300 (Argentina Standard Time)
[debug] [2021-06-09T17:39:57.414Z] ----------------------------------------------------------------------
[debug] 
[debug] [2021-06-09T17:39:57.459Z] > command requires scopes: ["email","openid","https://www.googleapis.com/auth/cloudplatformprojects.readonly","https://www.googleapis.com/auth/firebase","https://www.googleapis.com/auth/cloud-platform"]
[debug] [2021-06-09T17:39:57.460Z] > authorizing via signed-in user (dmontidev@gmail.com)
[debug] [2021-06-09T17:39:57.460Z] [iam] checking project designlibro for permissions ["firebase.projects.get","firebasehosting.sites.update"]
[debug] [2021-06-09T17:39:57.461Z] > refreshing access token with scopes: ["email","https://www.googleapis.com/auth/cloud-platform","https://www.googleapis.com/auth/cloudplatformprojects.readonly","https://www.googleapis.com/auth/firebase","openid"]
[debug] [2021-06-09T17:39:57.461Z] >>> HTTP REQUEST POST https://www.googleapis.com/oauth2/v3/token  
 <request body omitted>
[debug] [2021-06-09T17:39:58.574Z] <<< HTTP RESPONSE 200 {"pragma":"no-cache","cache-control":"no-cache, no-store, max-age=0, must-revalidate","expires":"Mon, 01 Jan 1990 00:00:00 GMT","date":"Wed, 09 Jun 2021 17:39:59 GMT","content-type":"application/json; charset=utf-8","vary":"X-Origin, Referer, Origin,Accept-Encoding","server":"scaffolding on HTTPServer2","x-xss-protection":"0","x-frame-options":"SAMEORIGIN","x-content-type-options":"nosniff","alt-svc":"h3-29=\":443\"; ma=2592000,h3-T051=\":443\"; ma=2592000,h3-Q050=\":443\"; ma=2592000,h3-Q046=\":443\"; ma=2592000,h3-Q043=\":443\"; ma=2592000,quic=\":443\"; ma=2592000; v=\"46,43\"","accept-ranges":"none","transfer-encoding":"chunked"}
[debug] [2021-06-09T17:39:58.699Z] >>> HTTP REQUEST POST https://cloudresourcemanager.googleapis.com/v1/projects/designlibro:testIamPermissions  
 {"permissions":["firebase.projects.get","firebasehosting.sites.update"]}
[debug] [2021-06-09T17:40:00.509Z] <<< HTTP RESPONSE 200 {"content-type":"application/json; charset=UTF-8","vary":"X-Origin, Referer, Origin,Accept-Encoding","date":"Wed, 09 Jun 2021 17:40:01 GMT","server":"ESF","cache-control":"private","x-xss-protection":"0","x-frame-options":"SAMEORIGIN","x-content-type-options":"nosniff","server-timing":"gfet4t7; dur=818","alt-svc":"h3-29=\":443\"; ma=2592000,h3-T051=\":443\"; ma=2592000,h3-Q050=\":443\"; ma=2592000,h3-Q046=\":443\"; ma=2592000,h3-Q043=\":443\"; ma=2592000,quic=\":443\"; ma=2592000; v=\"46,43\"","accept-ranges":"none","transfer-encoding":"chunked"}
[debug] [2021-06-09T17:40:00.510Z] > refreshing access token with scopes: []
[debug] [2021-06-09T17:40:00.510Z] >>> HTTP REQUEST POST https://www.googleapis.com/oauth2/v3/token  
 <request body omitted>
[debug] [2021-06-09T17:40:01.004Z] <<< HTTP RESPONSE 200 {"date":"Wed, 09 Jun 2021 17:40:01 GMT","cache-control":"no-cache, no-store, max-age=0, must-revalidate","pragma":"no-cache","expires":"Mon, 01 Jan 1990 00:00:00 GMT","content-type":"application/json; charset=utf-8","vary":"X-Origin, Referer, Origin,Accept-Encoding","server":"scaffolding on HTTPServer2","x-xss-protection":"0","x-frame-options":"SAMEORIGIN","x-content-type-options":"nosniff","alt-svc":"h3-29=\":443\"; ma=2592000,h3-T051=\":443\"; ma=2592000,h3-Q050=\":443\"; ma=2592000,h3-Q046=\":443\"; ma=2592000,h3-Q043=\":443\"; ma=2592000,quic=\":443\"; ma=2592000; v=\"46,43\"","accept-ranges":"none","transfer-encoding":"chunked"}
[debug] [2021-06-09T17:40:01.055Z] >>> [apiv2][query] GET https://firebase.googleapis.com/v1beta1/projects/designlibro [none]
[debug] [2021-06-09T17:40:02.380Z] <<< [apiv2][status] GET https://firebase.googleapis.com/v1beta1/projects/designlibro 200
